<?xml version="1.0" encoding="UTF-8"?>
<testng-results ignored="0" total="6" passed="6" failed="0" skipped="0">
  <reporter-output>
  </reporter-output>
  <suite started-at="2025-05-03T22:14:46 IST" name="CrossBrowserSuite" finished-at="2025-05-03T22:15:33 IST" duration-ms="47210">
    <groups>
    </groups>
    <test started-at="2025-05-03T22:14:46 IST" name="ChromeTest" finished-at="2025-05-03T22:15:17 IST" duration-ms="31634">
      <class name="Seleniumpkg.DragandDrop">
        <test-method is-config="true" signature="setUp(java.lang.String)[pri:0, instance:Seleniumpkg.DragandDrop@3e694b3f]" started-at="2025-05-03T22:14:55 IST" name="setUp" finished-at="2025-05-03T22:15:03 IST" duration-ms="8479" status="PASS">
          <params>
            <param index="0">
              <value>
                <![CDATA[chrome]]>
              </value>
            </param>
          </params>
          <reporter-output>
          </reporter-output>
        </test-method> <!-- setUp -->
        <test-method signature="testSliderDragAndDrop()[pri:0, instance:Seleniumpkg.DragandDrop@3e694b3f]" started-at="2025-05-03T22:15:03 IST" name="testSliderDragAndDrop" finished-at="2025-05-03T22:15:05 IST" duration-ms="1599" status="PASS">
          <reporter-output>
          </reporter-output>
        </test-method> <!-- testSliderDragAndDrop -->
        <test-method is-config="true" signature="tearDown(org.testng.ITestResult)[pri:0, instance:Seleniumpkg.DragandDrop@3e694b3f]" started-at="2025-05-03T22:15:05 IST" name="tearDown" finished-at="2025-05-03T22:15:06 IST" duration-ms="1301" status="PASS">
          <params>
            <param index="0">
              <value>
                <![CDATA[[TestResult name=testSliderDragAndDrop status=SUCCESS method=DragandDrop.testSliderDragAndDrop()[pri:0, instance:Seleniumpkg.DragandDrop@3e694b3f] output={null}]]]>
              </value>
            </param>
          </params>
          <reporter-output>
          </reporter-output>
        </test-method> <!-- tearDown -->
      </class> <!-- Seleniumpkg.DragandDrop -->
      <class name="Seleniumpkg.SimpleforDemo">
        <test-method is-config="true" signature="setUp(java.lang.String)[pri:0, instance:Seleniumpkg.SimpleforDemo@7d8995e]" started-at="2025-05-03T22:14:46 IST" name="setUp" finished-at="2025-05-03T22:14:53 IST" duration-ms="7108" status="PASS">
          <params>
            <param index="0">
              <value>
                <![CDATA[chrome]]>
              </value>
            </param>
          </params>
          <reporter-output>
          </reporter-output>
        </test-method> <!-- setUp -->
        <test-method signature="testSimpleFormDemo()[pri:0, instance:Seleniumpkg.SimpleforDemo@7d8995e]" started-at="2025-05-03T22:14:53 IST" name="testSimpleFormDemo" finished-at="2025-05-03T22:14:53 IST" duration-ms="692" status="PASS">
          <reporter-output>
          </reporter-output>
        </test-method> <!-- testSimpleFormDemo -->
        <test-method is-config="true" signature="tearDown(org.testng.ITestResult)[pri:0, instance:Seleniumpkg.SimpleforDemo@7d8995e]" started-at="2025-05-03T22:14:53 IST" name="tearDown" finished-at="2025-05-03T22:14:55 IST" duration-ms="1323" status="PASS">
          <params>
            <param index="0">
              <value>
                <![CDATA[[TestResult name=testSimpleFormDemo status=SUCCESS method=SimpleforDemo.testSimpleFormDemo()[pri:0, instance:Seleniumpkg.SimpleforDemo@7d8995e] output={null}]]]>
              </value>
            </param>
          </params>
          <reporter-output>
          </reporter-output>
        </test-method> <!-- tearDown -->
      </class> <!-- Seleniumpkg.SimpleforDemo -->
      <class name="Seleniumpkg.Inputformsubmit">
        <test-method is-config="true" signature="setUp(java.lang.String)[pri:0, instance:Seleniumpkg.Inputformsubmit@1bb5a082]" started-at="2025-05-03T22:15:06 IST" name="setUp" finished-at="2025-05-03T22:15:13 IST" duration-ms="6608" status="PASS">
          <params>
            <param index="0">
              <value>
                <![CDATA[chrome]]>
              </value>
            </param>
          </params>
          <reporter-output>
          </reporter-output>
        </test-method> <!-- setUp -->
        <test-method signature="testFormSubmission()[pri:0, instance:Seleniumpkg.Inputformsubmit@1bb5a082]" started-at="2025-05-03T22:15:13 IST" name="testFormSubmission" finished-at="2025-05-03T22:15:16 IST" duration-ms="3140" status="PASS">
          <reporter-output>
          </reporter-output>
        </test-method> <!-- testFormSubmission -->
        <test-method is-config="true" signature="tearDown(org.testng.ITestResult)[pri:0, instance:Seleniumpkg.Inputformsubmit@1bb5a082]" started-at="2025-05-03T22:15:16 IST" name="tearDown" finished-at="2025-05-03T22:15:17 IST" duration-ms="1331" status="PASS">
          <params>
            <param index="0">
              <value>
                <![CDATA[[TestResult name=testFormSubmission status=SUCCESS method=Inputformsubmit.testFormSubmission()[pri:0, instance:Seleniumpkg.Inputformsubmit@1bb5a082] output={null}]]]>
              </value>
            </param>
          </params>
          <reporter-output>
          </reporter-output>
        </test-method> <!-- tearDown -->
      </class> <!-- Seleniumpkg.Inputformsubmit -->
    </test> <!-- ChromeTest -->
    <test started-at="2025-05-03T22:14:46 IST" name="FirefoxTest" finished-at="2025-05-03T22:15:33 IST" duration-ms="47210">
      <class name="Seleniumpkg.DragandDrop">
        <test-method is-config="true" signature="setUp(java.lang.String)[pri:0, instance:Seleniumpkg.DragandDrop@233795b6]" started-at="2025-05-03T22:14:59 IST" name="setUp" finished-at="2025-05-03T22:15:11 IST" duration-ms="12221" status="PASS">
          <params>
            <param index="0">
              <value>
                <![CDATA[firefox]]>
              </value>
            </param>
          </params>
          <reporter-output>
          </reporter-output>
        </test-method> <!-- setUp -->
        <test-method signature="testSliderDragAndDrop()[pri:0, instance:Seleniumpkg.DragandDrop@233795b6]" started-at="2025-05-03T22:15:11 IST" name="testSliderDragAndDrop" finished-at="2025-05-03T22:15:13 IST" duration-ms="1716" status="PASS">
          <reporter-output>
          </reporter-output>
        </test-method> <!-- testSliderDragAndDrop -->
        <test-method is-config="true" signature="tearDown(org.testng.ITestResult)[pri:0, instance:Seleniumpkg.DragandDrop@233795b6]" started-at="2025-05-03T22:15:13 IST" name="tearDown" finished-at="2025-05-03T22:15:15 IST" duration-ms="2159" status="PASS">
          <params>
            <param index="0">
              <value>
                <![CDATA[[TestResult name=testSliderDragAndDrop status=SUCCESS method=DragandDrop.testSliderDragAndDrop()[pri:0, instance:Seleniumpkg.DragandDrop@233795b6] output={null}]]]>
              </value>
            </param>
          </params>
          <reporter-output>
          </reporter-output>
        </test-method> <!-- tearDown -->
      </class> <!-- Seleniumpkg.DragandDrop -->
      <class name="Seleniumpkg.SimpleforDemo">
        <test-method is-config="true" signature="setUp(java.lang.String)[pri:0, instance:Seleniumpkg.SimpleforDemo@f5958c9]" started-at="2025-05-03T22:14:46 IST" name="setUp" finished-at="2025-05-03T22:14:56 IST" duration-ms="10347" status="PASS">
          <params>
            <param index="0">
              <value>
                <![CDATA[firefox]]>
              </value>
            </param>
          </params>
          <reporter-output>
          </reporter-output>
        </test-method> <!-- setUp -->
        <test-method signature="testSimpleFormDemo()[pri:0, instance:Seleniumpkg.SimpleforDemo@f5958c9]" started-at="2025-05-03T22:14:56 IST" name="testSimpleFormDemo" finished-at="2025-05-03T22:14:57 IST" duration-ms="550" status="PASS">
          <reporter-output>
          </reporter-output>
        </test-method> <!-- testSimpleFormDemo -->
        <test-method is-config="true" signature="tearDown(org.testng.ITestResult)[pri:0, instance:Seleniumpkg.SimpleforDemo@f5958c9]" started-at="2025-05-03T22:14:57 IST" name="tearDown" finished-at="2025-05-03T22:14:59 IST" duration-ms="2188" status="PASS">
          <params>
            <param index="0">
              <value>
                <![CDATA[[TestResult name=testSimpleFormDemo status=SUCCESS method=SimpleforDemo.testSimpleFormDemo()[pri:0, instance:Seleniumpkg.SimpleforDemo@f5958c9] output={null}]]]>
              </value>
            </param>
          </params>
          <reporter-output>
          </reporter-output>
        </test-method> <!-- tearDown -->
      </class> <!-- Seleniumpkg.SimpleforDemo -->
      <class name="Seleniumpkg.Inputformsubmit">
        <test-method is-config="true" signature="setUp(java.lang.String)[pri:0, instance:Seleniumpkg.Inputformsubmit@3eb738bb]" started-at="2025-05-03T22:15:15 IST" name="setUp" finished-at="2025-05-03T22:15:28 IST" duration-ms="13364" status="PASS">
          <params>
            <param index="0">
              <value>
                <![CDATA[firefox]]>
              </value>
            </param>
          </params>
          <reporter-output>
          </reporter-output>
        </test-method> <!-- setUp -->
        <test-method signature="testFormSubmission()[pri:0, instance:Seleniumpkg.Inputformsubmit@3eb738bb]" started-at="2025-05-03T22:15:28 IST" name="testFormSubmission" finished-at="2025-05-03T22:15:31 IST" duration-ms="2446" status="PASS">
          <reporter-output>
          </reporter-output>
        </test-method> <!-- testFormSubmission -->
        <test-method is-config="true" signature="tearDown(org.testng.ITestResult)[pri:0, instance:Seleniumpkg.Inputformsubmit@3eb738bb]" started-at="2025-05-03T22:15:31 IST" name="tearDown" finished-at="2025-05-03T22:15:33 IST" duration-ms="2172" status="PASS">
          <params>
            <param index="0">
              <value>
                <![CDATA[[TestResult name=testFormSubmission status=SUCCESS method=Inputformsubmit.testFormSubmission()[pri:0, instance:Seleniumpkg.Inputformsubmit@3eb738bb] output={null}]]]>
              </value>
            </param>
          </params>
          <reporter-output>
          </reporter-output>
        </test-method> <!-- tearDown -->
      </class> <!-- Seleniumpkg.Inputformsubmit -->
    </test> <!-- FirefoxTest -->
  </suite> <!-- CrossBrowserSuite -->
</testng-results>
