<?xml version="1.0" encoding="UTF-8"?>
<!-- Generated by org.testng.reporters.JUnitXMLReporter -->
<testsuite ignored="0" hostname="DESKTOP-HQDB81E" failures="0" tests="3" name="FirefoxTest" time="47.21" errors="0" timestamp="2025-05-03T22:15:33 IST">
  <testcase classname="Seleniumpkg.SimpleforDemo" name="testSimpleFormDemo" time="0.55"/>
  <testcase classname="Seleniumpkg.DragandDrop" name="testSliderDragAndDrop" time="1.716"/>
  <testcase classname="Seleniumpkg.Inputformsubmit" name="testFormSubmission" time="2.446"/>
</testsuite> <!-- FirefoxTest -->
