<?xml version="1.0" encoding="UTF-8"?>
<testng-results ignored="0" total="6" passed="6" failed="0" skipped="0">
  <reporter-output>
  </reporter-output>
  <suite started-at="2025-04-28T12:32:04 IST" name="MultiBrowserTestSuite" finished-at="2025-04-28T12:32:35 IST" duration-ms="31142">
    <groups>
    </groups>
    <test started-at="2025-04-28T12:32:04 IST" name="ChromeTest" finished-at="2025-04-28T12:32:25 IST" duration-ms="21010">
      <class name="Seleniumframework.Scenario1">
        <test-method is-config="true" signature="setUp()[pri:0, instance:Seleniumframework.Scenario1@55fe41ea]" started-at="2025-04-28T12:32:04 IST" name="setUp" finished-at="2025-04-28T12:32:05 IST" duration-ms="650" status="PASS">
          <reporter-output>
          </reporter-output>
        </test-method> <!-- setUp -->
        <test-method is-config="true" signature="setUp(java.lang.String)[pri:0, instance:Seleniumframework.Scenario1@55fe41ea]" started-at="2025-04-28T12:32:05 IST" name="setUp" finished-at="2025-04-28T12:32:10 IST" duration-ms="5491" status="PASS">
          <params>
            <param index="0">
              <value>
                <![CDATA[chrome]]>
              </value>
            </param>
          </params>
          <reporter-output>
          </reporter-output>
        </test-method> <!-- setUp -->
        <test-method signature="testSimpleFormDemo()[pri:0, instance:Seleniumframework.Scenario1@55fe41ea]" started-at="2025-04-28T12:32:10 IST" name="testSimpleFormDemo" finished-at="2025-04-28T12:32:12 IST" duration-ms="1588" status="PASS">
          <reporter-output>
          </reporter-output>
        </test-method> <!-- testSimpleFormDemo -->
      </class> <!-- Seleniumframework.Scenario1 -->
      <class name="Seleniumframework.Scenario3">
        <test-method is-config="true" signature="setUp()[pri:0, instance:Seleniumframework.Scenario3@24aed80c]" started-at="2025-04-28T12:32:17 IST" name="setUp" finished-at="2025-04-28T12:32:17 IST" duration-ms="11" status="PASS">
          <reporter-output>
          </reporter-output>
        </test-method> <!-- setUp -->
        <test-method is-config="true" signature="setUp(java.lang.String)[pri:0, instance:Seleniumframework.Scenario3@24aed80c]" started-at="2025-04-28T12:32:17 IST" name="setUp" finished-at="2025-04-28T12:32:20 IST" duration-ms="3067" status="PASS">
          <params>
            <param index="0">
              <value>
                <![CDATA[chrome]]>
              </value>
            </param>
          </params>
          <reporter-output>
          </reporter-output>
        </test-method> <!-- setUp -->
        <test-method signature="testFormSubmission()[pri:0, instance:Seleniumframework.Scenario3@24aed80c]" started-at="2025-04-28T12:32:20 IST" name="testFormSubmission" finished-at="2025-04-28T12:32:25 IST" duration-ms="5409" status="PASS">
          <reporter-output>
          </reporter-output>
        </test-method> <!-- testFormSubmission -->
      </class> <!-- Seleniumframework.Scenario3 -->
      <class name="Seleniumframework.Scenario2">
        <test-method is-config="true" signature="setUp()[pri:0, instance:Seleniumframework.Scenario2@2aceadd4]" started-at="2025-04-28T12:32:12 IST" name="setUp" finished-at="2025-04-28T12:32:12 IST" duration-ms="10" status="PASS">
          <reporter-output>
          </reporter-output>
        </test-method> <!-- setUp -->
        <test-method is-config="true" signature="setUp(java.lang.String)[pri:0, instance:Seleniumframework.Scenario2@2aceadd4]" started-at="2025-04-28T12:32:12 IST" name="setUp" finished-at="2025-04-28T12:32:15 IST" duration-ms="3423" status="PASS">
          <params>
            <param index="0">
              <value>
                <![CDATA[chrome]]>
              </value>
            </param>
          </params>
          <reporter-output>
          </reporter-output>
        </test-method> <!-- setUp -->
        <test-method signature="testSliderDragAndDrop()[pri:0, instance:Seleniumframework.Scenario2@2aceadd4]" started-at="2025-04-28T12:32:15 IST" name="testSliderDragAndDrop" finished-at="2025-04-28T12:32:17 IST" duration-ms="1260" status="PASS">
          <reporter-output>
          </reporter-output>
        </test-method> <!-- testSliderDragAndDrop -->
      </class> <!-- Seleniumframework.Scenario2 -->
    </test> <!-- ChromeTest -->
    <test started-at="2025-04-28T12:32:04 IST" name="FirefoxTest" finished-at="2025-04-28T12:32:35 IST" duration-ms="31142">
      <class name="Seleniumframework.Scenario1">
        <test-method is-config="true" signature="setUp()[pri:0, instance:Seleniumframework.Scenario1@5b94b04d]" started-at="2025-04-28T12:32:04 IST" name="setUp" finished-at="2025-04-28T12:32:05 IST" duration-ms="650" status="PASS">
          <reporter-output>
          </reporter-output>
        </test-method> <!-- setUp -->
        <test-method is-config="true" signature="setUp(java.lang.String)[pri:0, instance:Seleniumframework.Scenario1@5b94b04d]" started-at="2025-04-28T12:32:05 IST" name="setUp" finished-at="2025-04-28T12:32:12 IST" duration-ms="7399" status="PASS">
          <params>
            <param index="0">
              <value>
                <![CDATA[firefox]]>
              </value>
            </param>
          </params>
          <reporter-output>
          </reporter-output>
        </test-method> <!-- setUp -->
        <test-method signature="testSimpleFormDemo()[pri:0, instance:Seleniumframework.Scenario1@5b94b04d]" started-at="2025-04-28T12:32:12 IST" name="testSimpleFormDemo" finished-at="2025-04-28T12:32:13 IST" duration-ms="476" status="PASS">
          <reporter-output>
          </reporter-output>
        </test-method> <!-- testSimpleFormDemo -->
      </class> <!-- Seleniumframework.Scenario1 -->
      <class name="Seleniumframework.Scenario3">
        <test-method is-config="true" signature="setUp(java.lang.String)[pri:0, instance:Seleniumframework.Scenario3@4c39bec8]" started-at="2025-04-28T12:32:25 IST" name="setUp" finished-at="2025-04-28T12:32:31 IST" duration-ms="6304" status="PASS">
          <params>
            <param index="0">
              <value>
                <![CDATA[firefox]]>
              </value>
            </param>
          </params>
          <reporter-output>
          </reporter-output>
        </test-method> <!-- setUp -->
        <test-method is-config="true" signature="setUp()[pri:0, instance:Seleniumframework.Scenario3@4c39bec8]" started-at="2025-04-28T12:32:25 IST" name="setUp" finished-at="2025-04-28T12:32:25 IST" duration-ms="0" status="PASS">
          <reporter-output>
          </reporter-output>
        </test-method> <!-- setUp -->
        <test-method signature="testFormSubmission()[pri:0, instance:Seleniumframework.Scenario3@4c39bec8]" started-at="2025-04-28T12:32:31 IST" name="testFormSubmission" finished-at="2025-04-28T12:32:35 IST" duration-ms="4049" status="PASS">
          <reporter-output>
          </reporter-output>
        </test-method> <!-- testFormSubmission -->
      </class> <!-- Seleniumframework.Scenario3 -->
      <class name="Seleniumframework.Scenario2">
        <test-method is-config="true" signature="setUp()[pri:0, instance:Seleniumframework.Scenario2@8c3b9d]" started-at="2025-04-28T12:32:13 IST" name="setUp" finished-at="2025-04-28T12:32:13 IST" duration-ms="32" status="PASS">
          <reporter-output>
          </reporter-output>
        </test-method> <!-- setUp -->
        <test-method is-config="true" signature="setUp(java.lang.String)[pri:0, instance:Seleniumframework.Scenario2@8c3b9d]" started-at="2025-04-28T12:32:13 IST" name="setUp" finished-at="2025-04-28T12:32:24 IST" duration-ms="10820" status="PASS">
          <params>
            <param index="0">
              <value>
                <![CDATA[firefox]]>
              </value>
            </param>
          </params>
          <reporter-output>
          </reporter-output>
        </test-method> <!-- setUp -->
        <test-method signature="testSliderDragAndDrop()[pri:0, instance:Seleniumframework.Scenario2@8c3b9d]" started-at="2025-04-28T12:32:24 IST" name="testSliderDragAndDrop" finished-at="2025-04-28T12:32:25 IST" duration-ms="1320" status="PASS">
          <reporter-output>
          </reporter-output>
        </test-method> <!-- testSliderDragAndDrop -->
      </class> <!-- Seleniumframework.Scenario2 -->
    </test> <!-- FirefoxTest -->
  </suite> <!-- MultiBrowserTestSuite -->
</testng-results>
