<?xml version="1.0" encoding="UTF-8"?>
<!-- Generated by org.testng.reporters.JUnitXMLReporter -->
<testsuite ignored="0" hostname="DESKTOP-HQDB81E" failures="0" tests="3" name="ChromeTest" time="21.01" errors="0" timestamp="2025-04-28T12:32:25 IST">
  <testcase classname="Seleniumframework.Scenario1" name="testSimpleFormDemo" time="1.588"/>
  <testcase classname="Seleniumframework.Scenario2" name="testSliderDragAndDrop" time="1.26"/>
  <testcase classname="Seleniumframework.Scenario3" name="testFormSubmission" time="5.409"/>
</testsuite> <!-- ChromeTest -->
