<?xml version="1.0" encoding="UTF-8"?>
<!-- Generated by org.testng.reporters.JUnitXMLReporter -->
<testsuite ignored="0" hostname="DESKTOP-HQDB81E" failures="0" tests="3" name="ChromeTest" time="19.508" errors="0" timestamp="2025-04-28T12:59:55 IST">
  <testcase classname="Seleniumframework.Scenario1" name="testSimpleFormDemo" time="0.259"/>
  <testcase classname="Seleniumframework.Scenario2" name="testSliderDragAndDrop" time="1.663"/>
  <testcase classname="Seleniumframework.Scenario3" name="testFormSubmission" time="6.216"/>
</testsuite> <!-- ChromeTest -->
