<?xml version="1.0" encoding="UTF-8"?>
<!-- Generated by org.testng.reporters.JUnitXMLReporter -->
<testsuite ignored="0" hostname="DESKTOP-HQDB81E" failures="0" tests="3" name="EdgeTest" time="26.142" errors="0" timestamp="2025-04-28T03:35:39 IST">
  <testcase classname="Seleniumframework.Scenario1" name="testSimpleFormDemo" time="0.227"/>
  <testcase classname="Seleniumframework.Scenario2" name="testSliderDragAndDrop" time="0.586"/>
  <testcase classname="Seleniumframework.Scenario3" name="testFormSubmission" time="4.487"/>
</testsuite> <!-- EdgeTest -->
