<?xml version="1.0" encoding="UTF-8"?>
<!-- Generated by org.testng.reporters.JUnitXMLReporter -->
<testsuite ignored="0" hostname="DESKTOP-HQDB81E" failures="0" tests="3" name="FirefoxTest" time="33.049" errors="0" timestamp="2025-04-28T03:35:46 IST">
  <testcase classname="Seleniumframework.Scenario1" name="testSimpleFormDemo" time="0.387"/>
  <testcase classname="Seleniumframework.Scenario2" name="testSliderDragAndDrop" time="0.574"/>
  <testcase classname="Seleniumframework.Scenario3" name="testFormSubmission" time="4.043"/>
</testsuite> <!-- FirefoxTest -->
