<?xml version="1.0" encoding="UTF-8"?>
<!-- Generated by org.testng.reporters.JUnitXMLReporter -->
<testsuite ignored="0" hostname="DESKTOP-HQDB81E" failures="0" tests="3" name="FirefoxTest" time="29.927" errors="0" timestamp="2025-04-28T13:00:05 IST">
  <testcase classname="Seleniumframework.Scenario1" name="testSimpleFormDemo" time="0.475"/>
  <testcase classname="Seleniumframework.Scenario2" name="testSliderDragAndDrop" time="0.731"/>
  <testcase classname="Seleniumframework.Scenario3" name="testFormSubmission" time="3.901"/>
</testsuite> <!-- FirefoxTest -->
