<?xml version="1.0" encoding="UTF-8"?>
<!-- Generated by org.testng.reporters.JUnitReportReporter -->
<testsuite hostname="DESKTOP-HQDB81E" failures="0" tests="9" name="Seleniumpkg.Lambdatest" time="72.218" errors="0" timestamp="2025-05-03T13:39:12 IST" skipped="0">
  <testcase classname="Seleniumpkg.Lambdatest" name="testSliderDragAndDrop" time="9.356"/>
  <testcase classname="Seleniumpkg.Lambdatest" name="testSliderDragAndDrop" time="9.200"/>
  <testcase classname="Seleniumpkg.Lambdatest" name="testFormSubmission" time="8.041"/>
  <testcase classname="Seleniumpkg.Lambdatest" name="testFormSubmission" time="9.849"/>
  <testcase classname="Seleniumpkg.Lambdatest" name="testSimpleFormDemo" time="6.314"/>
  <testcase classname="Seleniumpkg.Lambdatest" name="testSliderDragAndDrop" time="8.012"/>
  <testcase classname="Seleniumpkg.Lambdatest" name="testSimpleFormDemo" time="2.250"/>
  <testcase classname="Seleniumpkg.Lambdatest" name="testFormSubmission" time="10.889"/>
  <testcase classname="Seleniumpkg.Lambdatest" name="testSimpleFormDemo" time="8.307"/>
</testsuite> <!-- Seleniumpkg.Lambdatest -->
