<?xml version="1.0" encoding="UTF-8"?>
<!-- Generated by org.testng.reporters.JUnitReportReporter -->
<testsuite hostname="DESKTOP-HQDB81E" failures="0" tests="2" name="Seleniumpkg.SimpleforDemo" time="22.208" errors="0" timestamp="2025-05-03T22:15:33 IST" skipped="0">
  <testcase classname="Seleniumpkg.SimpleforDemo" name="testSimpleFormDemo" time="13.085"/>
  <testcase classname="Seleniumpkg.SimpleforDemo" name="testSimpleFormDemo" time="9.123"/>
</testsuite> <!-- Seleniumpkg.SimpleforDemo -->
