<?xml version="1.0" encoding="UTF-8"?>
<!-- Generated by org.testng.reporters.JUnitReportReporter -->
<testsuite hostname="DESKTOP-HQDB81E" failures="0" tests="2" name="Seleniumpkg.DragandDrop" time="27.475" errors="0" timestamp="2025-05-03T22:15:33 IST" skipped="0">
  <testcase classname="Seleniumpkg.DragandDrop" name="testSliderDragAndDrop" time="16.096"/>
  <testcase classname="Seleniumpkg.DragandDrop" name="testSliderDragAndDrop" time="11.379"/>
</testsuite> <!-- Seleniumpkg.DragandDrop -->
