<?xml version="1.0" encoding="UTF-8"?>
<!-- Generated by org.testng.reporters.JUnitReportReporter -->
<testsuite hostname="DESKTOP-HQDB81E" failures="0" tests="2" name="Seleniumpkg.Inputformsubmit" time="29.061" errors="0" timestamp="2025-05-03T22:15:33 IST" skipped="0">
  <testcase classname="Seleniumpkg.Inputformsubmit" name="testFormSubmission" time="11.079"/>
  <testcase classname="Seleniumpkg.Inputformsubmit" name="testFormSubmission" time="17.982"/>
</testsuite> <!-- Seleniumpkg.Inputformsubmit -->
