<?xml version="1.0" encoding="UTF-8"?>
<!-- Generated by org.testng.reporters.JUnitReportReporter -->
<testsuite hostname="DESKTOP-HQDB81E" failures="0" tests="2" name="Seleniumframework.Scenario1$TestNGTodo1" time="4.321" errors="1" timestamp="2025-04-28T11:59:20 IST" skipped="1">
  <testcase classname="Seleniumframework.Scenario1$TestNGTodo1" name="setup" time="4.321">
    <error message="java.net.URISyntaxException: Illegal character in authority at index 12: https://Your LT Username:Your LT AccessKey@hub.lambdatest.com/wd/hub" type="java.lang.RuntimeException">
      <![CDATA[java.lang.RuntimeException: java.net.URISyntaxException: Illegal character in authority at index 12: https://Your LT Username:Your LT AccessKey@hub.lambdatest.com/wd/hub
at org.openqa.selenium.remote.http.ClientConfig.baseUrl(ClientConfig.java:93)
at org.openqa.selenium.remote.RemoteWebDriver.createExecutor(RemoteWebDriver.java:195)
at org.openqa.selenium.remote.RemoteWebDriver.<init>(RemoteWebDriver.java:153)
at Seleniumframework.Scenario1$TestNGTodo1.setup(Scenario1.java:63)
at java.base/jdk.internal.reflect.DirectMethodHandleAccessor.invoke(DirectMethodHandleAccessor.java:103)
at java.base/java.lang.reflect.Method.invoke(Method.java:580)
at org.testng.internal.invokers.MethodInvocationHelper.invokeMethod(MethodInvocationHelper.java:141)
at org.testng.internal.invokers.MethodInvocationHelper.invokeMethodConsideringTimeout(MethodInvocationHelper.java:71)
at org.testng.internal.invokers.ConfigInvoker.invokeConfigurationMethod(ConfigInvoker.java:400)
at org.testng.internal.invokers.ConfigInvoker.invokeConfigurations(ConfigInvoker.java:333)
at org.testng.internal.invokers.TestInvoker.runConfigMethods(TestInvoker.java:833)
at org.testng.internal.invokers.TestInvoker.invokeMethod(TestInvoker.java:600)
at org.testng.internal.invokers.TestInvoker.invokeTestMethod(TestInvoker.java:230)
at org.testng.internal.invokers.MethodRunner.runInSequence(MethodRunner.java:63)
at org.testng.internal.invokers.TestInvoker$MethodInvocationAgent.invoke(TestInvoker.java:992)
at org.testng.internal.invokers.TestInvoker.invokeTestMethods(TestInvoker.java:203)
at org.testng.internal.invokers.TestMethodWorker.invokeTestMethods(TestMethodWorker.java:154)
at org.testng.internal.invokers.TestMethodWorker.run(TestMethodWorker.java:134)
at java.base/java.util.ArrayList.forEach(ArrayList.java:1597)
at org.testng.TestRunner.privateRun(TestRunner.java:739)
at org.testng.TestRunner.run(TestRunner.java:614)
at org.testng.SuiteRunner.runTest(SuiteRunner.java:421)
at org.testng.SuiteRunner.runSequentially(SuiteRunner.java:413)
at org.testng.SuiteRunner.privateRun(SuiteRunner.java:373)
at org.testng.SuiteRunner.run(SuiteRunner.java:312)
at org.testng.SuiteRunnerWorker.runSuite(SuiteRunnerWorker.java:52)
at org.testng.SuiteRunnerWorker.run(SuiteRunnerWorker.java:95)
at org.testng.TestNG.runSuitesSequentially(TestNG.java:1274)
at org.testng.TestNG.runSuitesLocally(TestNG.java:1208)
at org.testng.TestNG.runSuites(TestNG.java:1112)
at org.testng.TestNG.run(TestNG.java:1079)
at org.testng.remote.AbstractRemoteTestNG.run(AbstractRemoteTestNG.java:115)
at org.testng.remote.RemoteTestNG.initAndRun(RemoteTestNG.java:293)
at org.testng.remote.RemoteTestNG.main(RemoteTestNG.java:91)
Caused by: java.net.URISyntaxException: Illegal character in authority at index 12: https://Your LT Username:Your LT AccessKey@hub.lambdatest.com/wd/hub
at java.base/java.net.URI$Parser.fail(URI.java:2995)
at java.base/java.net.URI$Parser.parseAuthority(URI.java:3344)
at java.base/java.net.URI$Parser.parseHierarchical(URI.java:3240)
at java.base/java.net.URI$Parser.parse(URI.java:3196)
at java.base/java.net.URI.<init>(URI.java:645)
at java.base/java.net.URL.toURI(URL.java:1220)
at org.openqa.selenium.remote.http.ClientConfig.baseUrl(ClientConfig.java:91)
... 33 more
]]>
    </error>
  </testcase> <!-- setup -->
  <testcase classname="Seleniumframework.Scenario1$TestNGTodo1" name="testSimpleFormDemo" time="0.000">
    <skipped/>
  </testcase> <!-- testSimpleFormDemo -->
</testsuite> <!-- Seleniumframework.Scenario1$TestNGTodo1 -->
