<?xml version="1.0" encoding="UTF-8"?>
<!-- Generated by org.testng.reporters.JUnitReportReporter -->
<testsuite hostname="DESKTOP-HQDB81E" failures="0" tests="2" name="Seleniumframework.Scenario3" time="22.364" errors="0" timestamp="2025-04-28T13:00:05 IST" skipped="0">
  <testcase classname="Seleniumframework.Scenario3" name="testFormSubmission" time="11.403"/>
  <testcase classname="Seleniumframework.Scenario3" name="testFormSubmission" time="10.961"/>
</testsuite> <!-- Seleniumframework.Scenario3 -->
