<?xml version="1.0" encoding="UTF-8"?>
<!-- Generated by org.testng.reporters.JUnitReportReporter -->
<testsuite hostname="DESKTOP-HQDB81E" failures="0" tests="2" name="Seleniumframework.Scenario2" time="16.823" errors="0" timestamp="2025-04-28T12:32:36 IST" skipped="0">
  <testcase classname="Seleniumframework.Scenario2" name="testSliderDragAndDrop" time="4.683"/>
  <testcase classname="Seleniumframework.Scenario2" name="testSliderDragAndDrop" time="12.140"/>
</testsuite> <!-- Seleniumframework.Scenario2 -->
