<?xml version="1.0" encoding="UTF-8"?>
<!-- Generated by org.testng.reporters.JUnitReportReporter -->
<testsuite hostname="DESKTOP-HQDB81E" failures="0" tests="2" name="Seleniumframework.Scenario3" time="18.829" errors="0" timestamp="2025-04-28T12:32:36 IST" skipped="0">
  <testcase classname="Seleniumframework.Scenario3" name="testFormSubmission" time="10.353"/>
  <testcase classname="Seleniumframework.Scenario3" name="testFormSubmission" time="8.476"/>
</testsuite> <!-- Seleniumframework.Scenario3 -->
