<?xml version="1.0" encoding="UTF-8"?>
<!-- Generated by org.testng.reporters.JUnitReportReporter -->
<testsuite hostname="DESKTOP-HQDB81E" failures="0" tests="3" name="Seleniumframework.Scenario1" time="49.479" errors="0" timestamp="2025-04-28T03:35:47 IST" skipped="0">
  <testcase classname="Seleniumframework.Scenario1" name="testSimpleFormDemo" time="12.616"/>
  <testcase classname="Seleniumframework.Scenario1" name="testSimpleFormDemo" time="12.607"/>
  <testcase classname="Seleniumframework.Scenario1" name="testSimpleFormDemo" time="24.256"/>
</testsuite> <!-- Seleniumframework.Scenario1 -->
