<?xml version="1.0" encoding="UTF-8"?>
<!-- Generated by org.testng.reporters.JUnitReportReporter -->
<testsuite hostname="DESKTOP-HQDB81E" failures="0" tests="2" name="Seleniumframework.Scenario1" time="14.954" errors="0" timestamp="2025-04-28T12:32:36 IST" skipped="0">
  <testcase classname="Seleniumframework.Scenario1" name="testSimpleFormDemo" time="7.079"/>
  <testcase classname="Seleniumframework.Scenario1" name="testSimpleFormDemo" time="7.875"/>
</testsuite> <!-- Seleniumframework.Scenario1 -->
