<?xml version="1.0" encoding="UTF-8"?>
<!-- Generated by org.testng.reporters.JUnitReportReporter -->
<testsuite hostname="DESKTOP-HQDB81E" failures="0" tests="3" name="Seleniumframework.Scenario2" time="17.062" errors="0" timestamp="2025-04-28T03:35:47 IST" skipped="0">
  <testcase classname="Seleniumframework.Scenario2" name="testSliderDragAndDrop" time="4.526"/>
  <testcase classname="Seleniumframework.Scenario2" name="testSliderDragAndDrop" time="8.659"/>
  <testcase classname="Seleniumframework.Scenario2" name="testSliderDragAndDrop" time="3.877"/>
</testsuite> <!-- Seleniumframework.Scenario2 -->
