<?xml version="1.0" encoding="UTF-8"?>
<!-- Generated by org.testng.reporters.JUnitXMLReporter -->
<testsuite ignored="0" hostname="DESKTOP-HQDB81E" failures="0" tests="3" name="Chrome Tests" time="18.351" errors="0" timestamp="2025-05-03T13:39:02 IST">
  <testcase classname="Seleniumpkg.Lambdatest" name="testFormSubmission" time="6.659"/>
  <testcase classname="Seleniumpkg.Lambdatest" name="testSimpleFormDemo" time="1.206"/>
  <testcase classname="Seleniumpkg.Lambdatest" name="testSliderDragAndDrop" time="7.073"/>
</testsuite> <!-- Chrome Tests -->
