<?xml version="1.0" encoding="UTF-8"?>
<!-- Generated by org.testng.reporters.JUnitXMLReporter -->
<testsuite ignored="0" hostname="DESKTOP-HQDB81E" failures="0" tests="3" name="Edge Tests" time="25.559" errors="0" timestamp="2025-05-03T13:39:09 IST">
  <testcase classname="Seleniumpkg.Lambdatest" name="testFormSubmission" time="6.447"/>
  <testcase classname="Seleniumpkg.Lambdatest" name="testSimpleFormDemo" time="3.364"/>
  <testcase classname="Seleniumpkg.Lambdatest" name="testSliderDragAndDrop" time="5.978"/>
</testsuite> <!-- Edge Tests -->
