<?xml version="1.0" encoding="UTF-8"?>
<!-- Generated by org.testng.reporters.JUnitXMLReporter -->
<testsuite ignored="0" hostname="DESKTOP-HQDB81E" failures="0" tests="3" name="Edge Tests" time="255.181" errors="0" timestamp="2025-05-03T14:59:11 IST">
  <testcase classname="Seleniumpkg.Lambdatest" name="testFormSubmission" time="7.456"/>
  <testcase classname="Seleniumpkg.Lambdatest" name="testSimpleFormDemo" time="4.563"/>
  <testcase classname="Seleniumpkg.Lambdatest" name="testSliderDragAndDrop" time="0.0">
    <skipped/>
  </testcase> <!-- testSliderDragAndDrop -->
</testsuite> <!-- Edge Tests -->
