<?xml version="1.0" encoding="UTF-8"?>
<!-- Generated by org.testng.reporters.JUnitXMLReporter -->
<testsuite ignored="0" hostname="DESKTOP-HQDB81E" failures="0" tests="3" name="Firefox Tests" time="287.356" errors="0" timestamp="2025-05-03T15:51:31 IST">
  <testcase classname="Seleniumpkg.Lambdatest" name="testSimpleFormDemo" time="2.222"/>
  <testcase classname="Seleniumpkg.Lambdatest" name="testSliderDragAndDrop" time="5.888"/>
  <testcase classname="Seleniumpkg.Lambdatest" name="testFormSubmission" time="2.812"/>
</testsuite> <!-- Firefox Tests -->
