<?xml version="1.0" encoding="UTF-8"?>
<!-- Generated by org.testng.reporters.JUnitXMLReporter -->
<testsuite ignored="0" hostname="DESKTOP-HQDB81E" failures="0" tests="3" name="Firefox Tests" time="5.106" errors="0" timestamp="2025-05-03T16:21:23 IST">
  <testcase classname="Seleniumpkg.Lambdatest" name="testSimpleFormDemo" time="0.0">
    <skipped/>
  </testcase> <!-- testSimpleFormDemo -->
  <testcase classname="Seleniumpkg.Lambdatest" name="testSliderDragAndDrop" time="0.0">
    <skipped/>
  </testcase> <!-- testSliderDragAndDrop -->
  <testcase classname="Seleniumpkg.Lambdatest" name="testFormSubmission" time="0.0">
    <skipped/>
  </testcase> <!-- testFormSubmission -->
</testsuite> <!-- Firefox Tests -->
