<?xml version="1.0" encoding="UTF-8"?>
<!-- Generated by org.testng.reporters.JUnitXMLReporter -->
<testsuite ignored="0" hostname="DESKTOP-HQDB81E" failures="0" tests="3" name="Default test" time="9.101" errors="0" timestamp="2025-05-03T13:27:57 IST">
  <testcase classname="Seleniumpkg.Lambdatest" name="testFormSubmission" time="4.089"/>
  <testcase classname="Seleniumpkg.Lambdatest" name="testSimpleFormDemo" time="0.986"/>
  <testcase classname="Seleniumpkg.Lambdatest" name="testSliderDragAndDrop" time="1.276"/>
</testsuite> <!-- Default test -->
