<?xml version="1.0" encoding="UTF-8"?>
<!-- Generated by org.testng.reporters.JUnitXMLReporter -->
<testsuite ignored="0" hostname="DESKTOP-HQDB81E" failures="0" tests="3" name="Default test" time="153.356" errors="0" timestamp="2025-05-03T14:53:53 IST">
  <testcase classname="Seleniumpkg.Lambdatest" name="testFormSubmission" time="8.626"/>
  <testcase classname="Seleniumpkg.Lambdatest" name="testSimpleFormDemo" time="4.521"/>
  <testcase classname="Seleniumpkg.Lambdatest" name="testSliderDragAndDrop" time="4.924"/>
</testsuite> <!-- Default test -->
